0 info it worked if it ends with ok
1 verbose cli [ 'C:\\Program Files\\nodejs\\node.exe',
1 verbose cli   'C:\\Program Files\\nodejs\\node_modules\\npm\\bin\\npm-cli.js',
1 verbose cli   'run',
1 verbose cli   'dev' ]
2 info using npm@3.10.10
3 info using node@v6.11.1
4 verbose run-script [ 'predev', 'dev', 'postdev' ]
5 info lifecycle cotd@0.0.3~predev: cotd@0.0.3
6 silly lifecycle cotd@0.0.3~predev: no script for predev, continuing
7 info lifecycle cotd@0.0.3~dev: cotd@0.0.3
8 verbose lifecycle cotd@0.0.3~dev: unsafe-perm in lifecycle true
9 verbose lifecycle cotd@0.0.3~dev: PATH: C:\Users\nesibf.HSL\AppData\Roaming\nvm\v6.11.1\node_modules\npm\bin\node-gyp-bin;C:\FisoN\repos\EatMe\node_modules\.bin;C:\Program Files (x86)\Intel\iCLS Client\;C:\Python27\;C:\Python27\Scripts;C:\ProgramData\Oracle\Java\javapath;C:\Program Files\Intel\iCLS Client\;C:\windows\system32;C:\windows;C:\windows\System32\Wbem;C:\windows\System32\WindowsPowerShell\v1.0\;C:\Program Files (x86)\Calibre2\;C:\Users\nesibf.HSL\AppData\Roaming\nvm;C:\Program Files\nodejs;C:\Program Files\TortoiseSVN\bin;C:\HMH\apache-maven-3.3.9/bin;C:\HMH\epubcheck-4.0.2;C:\Program Files\Intel\WiFi\bin\;C:\Program Files\Common Files\Intel\WirelessCommon\;C:\Program Files\Git\cmd;C:\Program Files (x86)\Intel\UCRT\;C:\Program Files\Intel\UCRT\;C:\Program Files (x86)\Sennheiser\SoftphoneSDK\;C:\Users\nesibf.HSL\AppData\Roaming\npm;C:\Users\nesibf.HSL\AppData\Roaming\nvm;C:\Program Files\nodejs;C:\Program Files\Docker Toolbox;C:\Program Files\Microsoft VS Code\bin
10 verbose lifecycle cotd@0.0.3~dev: CWD: C:\FisoN\repos\EatMe
11 silly lifecycle cotd@0.0.3~dev: Args: [ '/d /s /c', 'react-scripts start' ]
12 silly lifecycle cotd@0.0.3~dev: Returned: code: 1  signal: null
13 info lifecycle cotd@0.0.3~dev: Failed to exec dev script
14 verbose stack Error: cotd@0.0.3 dev: `react-scripts start`
14 verbose stack Exit status 1
14 verbose stack     at EventEmitter.<anonymous> (C:\Users\nesibf.HSL\AppData\Roaming\nvm\v6.11.1\node_modules\npm\lib\utils\lifecycle.js:255:16)
14 verbose stack     at emitTwo (events.js:106:13)
14 verbose stack     at EventEmitter.emit (events.js:191:7)
14 verbose stack     at ChildProcess.<anonymous> (C:\Users\nesibf.HSL\AppData\Roaming\nvm\v6.11.1\node_modules\npm\lib\utils\spawn.js:40:14)
14 verbose stack     at emitTwo (events.js:106:13)
14 verbose stack     at ChildProcess.emit (events.js:191:7)
14 verbose stack     at maybeClose (internal/child_process.js:891:16)
14 verbose stack     at Process.ChildProcess._handle.onexit (internal/child_process.js:226:5)
15 verbose pkgid cotd@0.0.3
16 verbose cwd C:\FisoN\repos\EatMe
17 error Windows_NT 6.3.9600
18 error argv "C:\\Program Files\\nodejs\\node.exe" "C:\\Program Files\\nodejs\\node_modules\\npm\\bin\\npm-cli.js" "run" "dev"
19 error node v6.11.1
20 error npm  v3.10.10
21 error code ELIFECYCLE
22 error cotd@0.0.3 dev: `react-scripts start`
22 error Exit status 1
23 error Failed at the cotd@0.0.3 dev script 'react-scripts start'.
23 error Make sure you have the latest version of node.js and npm installed.
23 error If you do, this is most likely a problem with the cotd package,
23 error not with npm itself.
23 error Tell the author that this fails on your system:
23 error     react-scripts start
23 error You can get information on how to open an issue for this project with:
23 error     npm bugs cotd
23 error Or if that isn't available, you can get their info via:
23 error     npm owner ls cotd
23 error There is likely additional logging output above.
24 verbose exit [ 1, true ]
